2024-06-28 11:30:05,483 utils.py[line:84] - ERROR - 数据接收失败，错误原因: (109, 'ReadFile', '管道已结束。')
2024-06-28 11:35:36,240 utils.py[line:84] - ERROR - 数据接收失败，错误原因: (109, 'ReadFile', '管道已结束。')
2024-06-28 11:36:24,181 utils.py[line:84] - ERROR - 数据接收失败，错误原因: (109, 'ReadFile', '管道已结束。')
2024-06-28 11:51:27,970 utils.py[line:227] - ERROR - 发送指令失败，错误类型：(232, 'WriteFile', '管道正在被关闭。')
2024-06-28 11:51:27,971 main.py[line:82] - ERROR - 处理失败
2024-06-28 11:51:27,977 utils.py[line:84] - ERROR - 数据接收失败，错误原因: (109, 'ReadFile', '管道已结束。')
2024-06-28 11:55:18,328 utils.py[line:84] - ERROR - 数据接收失败，错误原因: (109, 'ReadFile', '管道已结束。')
2024-06-28 11:59:41,747 utils.py[line:84] - ERROR - 数据接收失败，错误原因: (109, 'ReadFile', '管道已结束。')
2024-06-28 12:03:47,921 utils.py[line:227] - ERROR - 发送指令失败，错误类型：(232, 'WriteFile', '管道正在被关闭。')
2024-06-28 12:03:47,922 main.py[line:82] - ERROR - 处理失败
2024-06-28 12:03:47,922 utils.py[line:84] - ERROR - 数据接收失败，错误原因: (109, 'ReadFile', '管道已结束。')
2024-06-28 12:06:28,421 utils.py[line:84] - ERROR - 数据接收失败，错误原因: (109, 'ReadFile', '管道已结束。')
2024-06-28 12:12:04,287 utils.py[line:84] - ERROR - 数据接收失败，错误原因: (109, 'ReadFile', '管道已结束。')
2024-06-28 12:14:07,667 utils.py[line:84] - ERROR - 数据接收失败，错误原因: (109, 'ReadFile', '管道已结束。')
2024-06-28 12:15:23,671 utils.py[line:101] - ERROR - 数据接收失败，错误原因: (109, 'ReadFile', '管道已结束。')
2024-06-28 12:17:16,305 utils.py[line:84] - ERROR - 数据接收失败，错误原因: (109, 'ReadFile', '管道已结束。')
2024-06-28 12:18:43,577 utils.py[line:84] - ERROR - 数据接收失败，错误原因: (109, 'ReadFile', '管道已结束。')
2024-06-28 12:20:46,118 utils.py[line:84] - ERROR - 数据接收失败，错误原因: (109, 'ReadFile', '管道已结束。')
2024-06-28 12:22:39,747 utils.py[line:84] - ERROR - 数据接收失败，错误原因: (109, 'ReadFile', '管道已结束。')
2024-06-28 12:26:07,385 utils.py[line:84] - ERROR - 数据接收失败，错误原因: (109, 'ReadFile', '管道已结束。')
2024-06-28 14:52:26,065 utils.py[line:101] - ERROR - 数据接收失败，错误原因: (109, 'ReadFile', '管道已结束。')
2024-06-28 14:55:54,058 utils.py[line:84] - ERROR - 数据接收失败，错误原因: (109, 'ReadFile', '管道已结束。')
2024-06-28 14:56:51,979 utils.py[line:84] - ERROR - 数据接收失败，错误原因: (109, 'ReadFile', '管道已结束。')
2024-06-28 15:18:10,133 utils.py[line:84] - ERROR - 数据接收失败，错误原因: (109, 'ReadFile', '管道已结束。')
2024-06-28 15:20:59,777 utils.py[line:84] - ERROR - 数据接收失败，错误原因: (109, 'ReadFile', '管道已结束。')
2024-06-28 15:23:38,138 utils.py[line:84] - ERROR - 数据接收失败，错误原因: (109, 'ReadFile', '管道已结束。')
2024-06-28 15:31:44,479 utils.py[line:84] - ERROR - 数据接收失败，错误原因: (109, 'ReadFile', '管道已结束。')
2024-06-28 15:48:30,938 utils.py[line:84] - ERROR - 数据接收失败，错误原因: (109, 'ReadFile', '管道已结束。')
2024-06-28 16:03:04,564 utils.py[line:84] - ERROR - 数据接收失败，错误原因: (109, 'ReadFile', '管道已结束。')
2024-06-28 16:07:31,464 utils.py[line:84] - ERROR - 数据接收失败，错误原因: (109, 'ReadFile', '管道已结束。')
2024-06-28 16:25:01,278 utils.py[line:84] - ERROR - 数据接收失败，错误原因: (109, 'ReadFile', '管道已结束。')
2024-06-28 16:29:57,905 utils.py[line:84] - ERROR - 数据接收失败，错误原因: (109, 'ReadFile', '管道已结束。')
2024-06-28 16:49:10,627 utils.py[line:84] - ERROR - 数据接收失败，错误原因: (109, 'ReadFile', '管道已结束。')
2024-06-28 16:50:30,739 utils.py[line:84] - ERROR - 数据接收失败，错误原因: (109, 'ReadFile', '管道已结束。')
2024-06-28 16:52:40,850 utils.py[line:84] - ERROR - 数据接收失败，错误原因: (109, 'ReadFile', '管道已结束。')
2024-06-28 17:01:43,963 utils.py[line:84] - ERROR - 数据接收失败，错误原因: (109, 'ReadFile', '管道已结束。')
2024-06-28 17:05:56,524 utils.py[line:84] - ERROR - 数据接收失败，错误原因: (109, 'ReadFile', '管道已结束。')
2024-06-28 17:09:33,282 utils.py[line:84] - ERROR - 数据接收失败，错误原因: (109, 'ReadFile', '管道已结束。')
2024-06-28 17:12:01,788 utils.py[line:84] - ERROR - 数据接收失败，错误原因: (109, 'ReadFile', '管道已结束。')
2024-06-28 17:13:27,639 utils.py[line:84] - ERROR - 数据接收失败，错误原因: (109, 'ReadFile', '管道已结束。')
2024-06-28 17:20:43,034 utils.py[line:84] - ERROR - 数据接收失败，错误原因: (109, 'ReadFile', '管道已结束。')
2024-06-29 15:43:42,727 utils.py[line:84] - ERROR - 数据接收失败，错误原因: (109, 'ReadFile', '管道已结束。')
2024-06-29 15:52:02,852 utils.py[line:84] - ERROR - 数据接收失败，错误原因: (109, 'ReadFile', '管道已结束。')
2024-06-29 16:08:30,885 utils.py[line:84] - ERROR - 数据接收失败，错误原因: (109, 'ReadFile', '管道已结束。')
2024-06-29 16:21:17,909 utils.py[line:84] - ERROR - 数据接收失败，错误原因: (109, 'ReadFile', '管道已结束。')
2024-06-29 16:31:42,830 utils.py[line:227] - ERROR - 发送指令失败，错误类型：(232, 'WriteFile', '管道正在被关闭。')
2024-06-29 16:31:42,831 main.py[line:92] - ERROR - 处理失败
2024-06-29 16:31:42,831 utils.py[line:84] - ERROR - 数据接收失败，错误原因: (109, 'ReadFile', '管道已结束。')
2024-06-29 16:35:42,748 utils.py[line:84] - ERROR - 数据接收失败，错误原因: (109, 'ReadFile', '管道已结束。')
2024-06-29 16:44:57,631 utils.py[line:84] - ERROR - 数据接收失败，错误原因: (109, 'ReadFile', '管道已结束。')
2024-06-29 16:49:04,069 utils.py[line:84] - ERROR - 数据接收失败，错误原因: (109, 'ReadFile', '管道已结束。')
2024-06-29 16:53:18,366 utils.py[line:158] - ERROR - 图像指令转换失败，数据长度错误
2024-06-29 17:17:24,471 utils.py[line:84] - ERROR - 数据接收失败，错误原因: (109, 'ReadFile', '管道已结束。')
2024-06-29 17:44:57,312 utils.py[line:84] - ERROR - 数据接收失败，错误原因: (109, 'ReadFile', '管道已结束。')
2024-06-29 17:48:31,343 utils.py[line:230] - ERROR - 发送指令失败，错误类型：(232, 'WriteFile', '管道正在被关闭。')
2024-06-29 17:48:31,344 main.py[line:95] - ERROR - 处理失败
2024-06-29 17:48:31,344 utils.py[line:84] - ERROR - 数据接收失败，错误原因: (109, 'ReadFile', '管道已结束。')
2024-06-29 17:52:27,224 utils.py[line:84] - ERROR - 数据接收失败，错误原因: (109, 'ReadFile', '管道已结束。')
2024-06-29 18:40:34,394 utils.py[line:230] - ERROR - 发送指令失败，错误类型：(232, 'WriteFile', '管道正在被关闭。')
2024-06-29 18:40:34,395 main.py[line:95] - ERROR - 处理失败
2024-06-29 18:40:34,395 utils.py[line:84] - ERROR - 数据接收失败，错误原因: (109, 'ReadFile', '管道已结束。')
2024-06-30 12:45:15,007 utils.py[line:84] - ERROR - 数据接收失败，错误原因: (109, 'ReadFile', '管道已结束。')
2024-06-30 12:57:37,170 utils.py[line:84] - ERROR - 数据接收失败，错误原因: (109, 'ReadFile', '管道已结束。')
2024-06-30 13:01:35,413 utils.py[line:84] - ERROR - 数据接收失败，错误原因: (109, 'ReadFile', '管道已结束。')
2024-06-30 14:14:42,010 utils.py[line:84] - ERROR - 数据接收失败，错误原因: (109, 'ReadFile', '管道已结束。')
2024-06-30 14:24:06,845 utils.py[line:84] - ERROR - 数据接收失败，错误原因: (109, 'ReadFile', '管道已结束。')
2024-06-30 14:35:07,953 utils.py[line:84] - ERROR - 数据接收失败，错误原因: (109, 'ReadFile', '管道已结束。')
2024-07-01 15:27:37,749 utils.py[line:161] - ERROR - 图像指令转换失败，数据长度错误
2024-07-01 16:23:59,608 utils.py[line:84] - ERROR - 数据接收失败，错误原因: (109, 'ReadFile', '管道已结束。')
2024-07-01 16:27:39,666 utils.py[line:84] - ERROR - 数据接收失败，错误原因: (109, 'ReadFile', '管道已结束。')
2024-07-01 16:45:20,986 utils.py[line:84] - ERROR - 数据接收失败，错误原因: (109, 'ReadFile', '管道已结束。')
2024-07-01 16:49:36,061 utils.py[line:84] - ERROR - 数据接收失败，错误原因: (109, 'ReadFile', '管道已结束。')
2024-07-01 16:57:25,351 utils.py[line:84] - ERROR - 数据接收失败，错误原因: (109, 'ReadFile', '管道已结束。')
2024-07-01 17:01:32,692 utils.py[line:84] - ERROR - 数据接收失败，错误原因: (109, 'ReadFile', '管道已结束。')
2024-07-01 17:22:45,049 utils.py[line:84] - ERROR - 数据接收失败，错误原因: (109, 'ReadFile', '管道已结束。')
2024-07-01 17:25:23,065 utils.py[line:230] - ERROR - 发送指令失败，错误类型：(232, 'WriteFile', '管道正在被关闭。')
2024-07-01 17:25:23,065 main.py[line:101] - ERROR - 处理失败
2024-07-01 17:25:23,065 utils.py[line:84] - ERROR - 数据接收失败，错误原因: (109, 'ReadFile', '管道已结束。')
2024-07-01 17:27:39,278 utils.py[line:84] - ERROR - 数据接收失败，错误原因: (109, 'ReadFile', '管道已结束。')
2024-07-01 17:29:37,321 utils.py[line:84] - ERROR - 数据接收失败，错误原因: (109, 'ReadFile', '管道已结束。')
2024-07-01 17:31:32,282 utils.py[line:84] - ERROR - 数据接收失败，错误原因: (109, 'ReadFile', '管道已结束。')
2024-07-01 17:33:22,204 utils.py[line:84] - ERROR - 数据接收失败，错误原因: (109, 'ReadFile', '管道已结束。')
2024-07-01 17:35:32,399 utils.py[line:84] - ERROR - 数据接收失败，错误原因: (109, 'ReadFile', '管道已结束。')
2024-07-01 17:46:20,681 utils.py[line:84] - ERROR - 数据接收失败，错误原因: (109, 'ReadFile', '管道已结束。')
2024-07-01 17:47:51,507 utils.py[line:84] - ERROR - 数据接收失败，错误原因: (109, 'ReadFile', '管道已结束。')
2024-07-01 17:51:45,559 utils.py[line:230] - ERROR - 发送指令失败，错误类型：(232, 'WriteFile', '管道正在被关闭。')
2024-07-01 17:51:45,559 main.py[line:101] - ERROR - 处理失败
2024-07-01 17:51:45,560 utils.py[line:84] - ERROR - 数据接收失败，错误原因: (109, 'ReadFile', '管道已结束。')
2024-07-04 14:08:48,265 pipe_utils.py[line:231] - ERROR - 发送指令失败，错误类型：(232, 'WriteFile', '管道正在被关闭。')
2024-07-04 14:08:48,265 main.py[line:108] - ERROR - 处理失败
2024-07-04 14:08:49,453 pipe_utils.py[line:231] - ERROR - 发送指令失败，错误类型：(232, 'WriteFile', '管道正在被关闭。')
2024-07-04 14:08:49,453 main.py[line:108] - ERROR - 处理失败
2024-07-04 14:08:50,744 pipe_utils.py[line:231] - ERROR - 发送指令失败，错误类型：(232, 'WriteFile', '管道正在被关闭。')
2024-07-04 14:08:50,744 main.py[line:108] - ERROR - 处理失败
2024-07-04 14:08:50,744 pipe_utils.py[line:85] - ERROR - 数据接收失败，错误原因: (109, 'ReadFile', '管道已结束。')
2024-07-04 14:27:19,068 pipe_utils.py[line:85] - ERROR - 数据接收失败，错误原因: (109, 'ReadFile', '管道已结束。')
2024-07-04 16:41:47,465 pipe_utils.py[line:85] - ERROR - 数据接收失败，错误原因: (109, 'ReadFile', '管道已结束。')
2024-07-04 16:45:24,931 pipe_utils.py[line:85] - ERROR - 数据接收失败，错误原因: (109, 'ReadFile', '管道已结束。')
2024-07-04 16:49:02,620 pipe_utils.py[line:85] - ERROR - 数据接收失败，错误原因: (109, 'ReadFile', '管道已结束。')
2024-07-04 16:51:48,679 pipe_utils.py[line:85] - ERROR - 数据接收失败，错误原因: (109, 'ReadFile', '管道已结束。')
2024-07-04 16:53:58,252 pipe_utils.py[line:85] - ERROR - 数据接收失败，错误原因: (109, 'ReadFile', '管道已结束。')
2024-07-04 17:00:49,493 pipe_utils.py[line:85] - ERROR - 数据接收失败，错误原因: (109, 'ReadFile', '管道已结束。')
2024-07-04 17:08:10,792 pipe_utils.py[line:231] - ERROR - 发送指令失败，错误类型：(232, 'WriteFile', '管道正在被关闭。')
2024-07-04 17:08:10,793 main.py[line:110] - ERROR - 处理失败
2024-07-04 17:08:12,041 pipe_utils.py[line:231] - ERROR - 发送指令失败，错误类型：(232, 'WriteFile', '管道正在被关闭。')
2024-07-04 17:08:12,042 main.py[line:110] - ERROR - 处理失败
2024-07-04 17:08:13,179 pipe_utils.py[line:231] - ERROR - 发送指令失败，错误类型：(232, 'WriteFile', '管道正在被关闭。')
2024-07-04 17:08:13,179 main.py[line:110] - ERROR - 处理失败
2024-07-04 17:08:14,424 pipe_utils.py[line:231] - ERROR - 发送指令失败，错误类型：(232, 'WriteFile', '管道正在被关闭。')
2024-07-04 17:08:14,425 main.py[line:110] - ERROR - 处理失败
2024-07-04 17:08:15,606 pipe_utils.py[line:231] - ERROR - 发送指令失败，错误类型：(232, 'WriteFile', '管道正在被关闭。')
2024-07-04 17:08:15,606 main.py[line:110] - ERROR - 处理失败
2024-07-04 17:08:16,934 pipe_utils.py[line:231] - ERROR - 发送指令失败，错误类型：(232, 'WriteFile', '管道正在被关闭。')
2024-07-04 17:08:16,934 main.py[line:110] - ERROR - 处理失败
2024-07-04 17:08:18,134 pipe_utils.py[line:231] - ERROR - 发送指令失败，错误类型：(232, 'WriteFile', '管道正在被关闭。')
2024-07-04 17:08:18,134 main.py[line:110] - ERROR - 处理失败
2024-07-04 17:08:19,383 pipe_utils.py[line:231] - ERROR - 发送指令失败，错误类型：(232, 'WriteFile', '管道正在被关闭。')
2024-07-04 17:08:19,383 main.py[line:110] - ERROR - 处理失败
2024-07-04 17:08:20,639 pipe_utils.py[line:231] - ERROR - 发送指令失败，错误类型：(232, 'WriteFile', '管道正在被关闭。')
2024-07-04 17:08:20,639 main.py[line:110] - ERROR - 处理失败
2024-07-04 17:08:21,809 pipe_utils.py[line:231] - ERROR - 发送指令失败，错误类型：(232, 'WriteFile', '管道正在被关闭。')
2024-07-04 17:08:21,809 main.py[line:110] - ERROR - 处理失败
2024-07-04 17:08:21,810 pipe_utils.py[line:85] - ERROR - 数据接收失败，错误原因: (109, 'ReadFile', '管道已结束。')
2024-07-04 17:18:14,994 pipe_utils.py[line:85] - ERROR - 数据接收失败，错误原因: (109, 'ReadFile', '管道已结束。')
2024-07-04 17:20:39,388 pipe_utils.py[line:231] - ERROR - 发送指令失败，错误类型：(232, 'WriteFile', '管道正在被关闭。')
2024-07-04 17:20:39,388 main.py[line:110] - ERROR - 处理失败
2024-07-04 17:20:40,562 pipe_utils.py[line:231] - ERROR - 发送指令失败，错误类型：(232, 'WriteFile', '管道正在被关闭。')
2024-07-04 17:20:40,563 main.py[line:110] - ERROR - 处理失败
2024-07-04 17:20:41,738 pipe_utils.py[line:231] - ERROR - 发送指令失败，错误类型：(232, 'WriteFile', '管道正在被关闭。')
2024-07-04 17:20:41,738 main.py[line:110] - ERROR - 处理失败
2024-07-04 17:20:43,017 pipe_utils.py[line:231] - ERROR - 发送指令失败，错误类型：(232, 'WriteFile', '管道正在被关闭。')
2024-07-04 17:20:43,017 main.py[line:110] - ERROR - 处理失败
2024-07-04 17:20:44,275 pipe_utils.py[line:231] - ERROR - 发送指令失败，错误类型：(232, 'WriteFile', '管道正在被关闭。')
2024-07-04 17:20:44,275 main.py[line:110] - ERROR - 处理失败
2024-07-04 17:20:45,548 pipe_utils.py[line:231] - ERROR - 发送指令失败，错误类型：(232, 'WriteFile', '管道正在被关闭。')
2024-07-04 17:20:45,548 main.py[line:110] - ERROR - 处理失败
2024-07-04 17:20:46,743 pipe_utils.py[line:231] - ERROR - 发送指令失败，错误类型：(232, 'WriteFile', '管道正在被关闭。')
2024-07-04 17:20:46,743 main.py[line:110] - ERROR - 处理失败
2024-07-04 17:20:47,987 pipe_utils.py[line:231] - ERROR - 发送指令失败，错误类型：(232, 'WriteFile', '管道正在被关闭。')
2024-07-04 17:20:47,987 main.py[line:110] - ERROR - 处理失败
2024-07-04 17:20:49,183 pipe_utils.py[line:231] - ERROR - 发送指令失败，错误类型：(232, 'WriteFile', '管道正在被关闭。')
2024-07-04 17:20:49,183 main.py[line:110] - ERROR - 处理失败
2024-07-04 17:20:50,393 pipe_utils.py[line:231] - ERROR - 发送指令失败，错误类型：(232, 'WriteFile', '管道正在被关闭。')
2024-07-04 17:20:50,394 main.py[line:110] - ERROR - 处理失败
2024-07-04 17:20:51,724 pipe_utils.py[line:231] - ERROR - 发送指令失败，错误类型：(232, 'WriteFile', '管道正在被关闭。')
2024-07-04 17:20:51,724 main.py[line:110] - ERROR - 处理失败
2024-07-04 17:20:52,901 pipe_utils.py[line:231] - ERROR - 发送指令失败，错误类型：(232, 'WriteFile', '管道正在被关闭。')
2024-07-04 17:20:52,901 main.py[line:110] - ERROR - 处理失败
2024-07-04 17:20:54,161 pipe_utils.py[line:231] - ERROR - 发送指令失败，错误类型：(232, 'WriteFile', '管道正在被关闭。')
2024-07-04 17:20:54,161 main.py[line:110] - ERROR - 处理失败
2024-07-04 17:20:55,332 pipe_utils.py[line:231] - ERROR - 发送指令失败，错误类型：(232, 'WriteFile', '管道正在被关闭。')
2024-07-04 17:20:55,333 main.py[line:110] - ERROR - 处理失败
2024-07-04 17:20:56,561 pipe_utils.py[line:231] - ERROR - 发送指令失败，错误类型：(232, 'WriteFile', '管道正在被关闭。')
2024-07-04 17:20:56,561 main.py[line:110] - ERROR - 处理失败
2024-07-04 17:20:56,561 pipe_utils.py[line:85] - ERROR - 数据接收失败，错误原因: (109, 'ReadFile', '管道已结束。')
2024-07-05 14:23:17,274 pipe_utils.py[line:85] - ERROR - 数据接收失败，错误原因: (109, 'ReadFile', '管道已结束。')
2024-07-05 14:52:48,462 pipe_utils.py[line:85] - ERROR - 数据接收失败，错误原因: (109, 'ReadFile', '管道已结束。')
2024-07-05 14:59:25,432 pipe_utils.py[line:231] - ERROR - 发送指令失败，错误类型：(232, 'WriteFile', '管道正在被关闭。')
2024-07-05 14:59:25,433 main.py[line:110] - ERROR - 处理失败
2024-07-05 14:59:25,433 pipe_utils.py[line:85] - ERROR - 数据接收失败，错误原因: (109, 'ReadFile', '管道已结束。')
2024-07-05 15:21:42,677 pipe_utils.py[line:85] - ERROR - 数据接收失败，错误原因: (109, 'ReadFile', '管道已结束。')
2024-07-06 15:39:01,858 pipe_utils.py[line:85] - ERROR - 数据接收失败，错误原因: (109, 'ReadFile', '管道已结束。')
2024-07-06 15:46:25,324 pipe_utils.py[line:85] - ERROR - 数据接收失败，错误原因: (109, 'ReadFile', '管道已结束。')
2024-07-06 16:31:01,725 pipe_utils.py[line:85] - ERROR - 数据接收失败，错误原因: (109, 'ReadFile', '管道已结束。')
2024-07-06 16:32:57,727 pipe_utils.py[line:85] - ERROR - 数据接收失败，错误原因: (109, 'ReadFile', '管道已结束。')
2024-07-06 16:35:39,825 pipe_utils.py[line:85] - ERROR - 数据接收失败，错误原因: (109, 'ReadFile', '管道已结束。')
2024-07-06 16:57:43,916 pipe_utils.py[line:85] - ERROR - 数据接收失败，错误原因: (109, 'ReadFile', '管道已结束。')
2024-07-06 17:28:44,904 pipe_utils.py[line:85] - ERROR - 数据接收失败，错误原因: (109, 'ReadFile', '管道已结束。')
2024-07-06 17:42:03,094 pipe_utils.py[line:231] - ERROR - 发送指令失败，错误类型：(232, 'WriteFile', '管道正在被关闭。')
2024-07-06 17:42:03,094 main.py[line:110] - ERROR - 处理失败
2024-07-06 17:42:04,263 pipe_utils.py[line:231] - ERROR - 发送指令失败，错误类型：(232, 'WriteFile', '管道正在被关闭。')
2024-07-06 17:42:04,263 main.py[line:110] - ERROR - 处理失败
2024-07-06 17:42:05,507 pipe_utils.py[line:231] - ERROR - 发送指令失败，错误类型：(232, 'WriteFile', '管道正在被关闭。')
2024-07-06 17:42:05,507 main.py[line:110] - ERROR - 处理失败
2024-07-06 19:07:46,189 pipe_utils.py[line:85] - ERROR - 数据接收失败，错误原因: (109, 'ReadFile', '管道已结束。')
2024-07-06 20:33:21,028 pipe_utils.py[line:85] - ERROR - 数据接收失败，错误原因: (109, 'ReadFile', '管道已结束。')
2024-07-06 20:43:24,359 pipe_utils.py[line:85] - ERROR - 数据接收失败，错误原因: (109, 'ReadFile', '管道已结束。')
2024-07-06 20:45:53,598 pipe_utils.py[line:231] - ERROR - 发送指令失败，错误类型：(232, 'WriteFile', '管道正在被关闭。')
2024-07-06 20:45:53,599 main.py[line:110] - ERROR - 处理失败
2024-07-06 20:45:54,751 pipe_utils.py[line:231] - ERROR - 发送指令失败，错误类型：(232, 'WriteFile', '管道正在被关闭。')
2024-07-06 20:45:54,751 main.py[line:110] - ERROR - 处理失败
2024-07-06 20:45:56,017 pipe_utils.py[line:231] - ERROR - 发送指令失败，错误类型：(232, 'WriteFile', '管道正在被关闭。')
2024-07-06 20:45:56,017 main.py[line:110] - ERROR - 处理失败
2024-07-06 20:45:56,017 pipe_utils.py[line:85] - ERROR - 数据接收失败，错误原因: (109, 'ReadFile', '管道已结束。')
2024-07-07 09:05:50,186 pipe_utils.py[line:231] - ERROR - 发送指令失败，错误类型：(232, 'WriteFile', '管道正在被关闭。')
2024-07-07 09:05:50,186 main.py[line:110] - ERROR - 处理失败
2024-07-07 09:05:51,382 pipe_utils.py[line:231] - ERROR - 发送指令失败，错误类型：(232, 'WriteFile', '管道正在被关闭。')
2024-07-07 09:05:51,382 main.py[line:110] - ERROR - 处理失败
2024-07-07 09:05:52,583 pipe_utils.py[line:231] - ERROR - 发送指令失败，错误类型：(232, 'WriteFile', '管道正在被关闭。')
2024-07-07 09:05:52,584 main.py[line:110] - ERROR - 处理失败
2024-07-07 09:05:53,909 pipe_utils.py[line:231] - ERROR - 发送指令失败，错误类型：(232, 'WriteFile', '管道正在被关闭。')
2024-07-07 09:05:53,909 main.py[line:110] - ERROR - 处理失败
2024-07-07 09:05:55,070 pipe_utils.py[line:231] - ERROR - 发送指令失败，错误类型：(232, 'WriteFile', '管道正在被关闭。')
2024-07-07 09:05:55,070 main.py[line:110] - ERROR - 处理失败
2024-07-07 09:05:56,335 pipe_utils.py[line:231] - ERROR - 发送指令失败，错误类型：(232, 'WriteFile', '管道正在被关闭。')
2024-07-07 09:05:56,335 main.py[line:110] - ERROR - 处理失败
2024-07-07 09:05:57,471 pipe_utils.py[line:231] - ERROR - 发送指令失败，错误类型：(232, 'WriteFile', '管道正在被关闭。')
2024-07-07 09:05:57,471 main.py[line:110] - ERROR - 处理失败
2024-07-07 09:05:58,682 pipe_utils.py[line:231] - ERROR - 发送指令失败，错误类型：(232, 'WriteFile', '管道正在被关闭。')
2024-07-07 09:05:58,682 main.py[line:110] - ERROR - 处理失败
2024-07-07 09:05:59,811 pipe_utils.py[line:231] - ERROR - 发送指令失败，错误类型：(232, 'WriteFile', '管道正在被关闭。')
2024-07-07 09:05:59,812 main.py[line:110] - ERROR - 处理失败
2024-07-07 09:06:00,961 pipe_utils.py[line:231] - ERROR - 发送指令失败，错误类型：(232, 'WriteFile', '管道正在被关闭。')
2024-07-07 09:06:00,961 main.py[line:110] - ERROR - 处理失败
2024-07-07 09:06:02,190 pipe_utils.py[line:231] - ERROR - 发送指令失败，错误类型：(232, 'WriteFile', '管道正在被关闭。')
2024-07-07 09:06:02,190 main.py[line:110] - ERROR - 处理失败
2024-07-07 09:06:03,350 pipe_utils.py[line:231] - ERROR - 发送指令失败，错误类型：(232, 'WriteFile', '管道正在被关闭。')
2024-07-07 09:06:03,350 main.py[line:110] - ERROR - 处理失败
2024-07-07 09:06:04,553 pipe_utils.py[line:231] - ERROR - 发送指令失败，错误类型：(232, 'WriteFile', '管道正在被关闭。')
2024-07-07 09:06:04,553 main.py[line:110] - ERROR - 处理失败
2024-07-07 09:06:05,659 pipe_utils.py[line:231] - ERROR - 发送指令失败，错误类型：(232, 'WriteFile', '管道正在被关闭。')
2024-07-07 09:06:05,660 main.py[line:110] - ERROR - 处理失败
2024-07-07 09:06:06,869 pipe_utils.py[line:231] - ERROR - 发送指令失败，错误类型：(232, 'WriteFile', '管道正在被关闭。')
2024-07-07 09:06:06,870 main.py[line:110] - ERROR - 处理失败
2024-07-07 09:06:07,986 pipe_utils.py[line:231] - ERROR - 发送指令失败，错误类型：(232, 'WriteFile', '管道正在被关闭。')
2024-07-07 09:06:07,986 main.py[line:110] - ERROR - 处理失败
2024-07-07 09:06:09,130 pipe_utils.py[line:231] - ERROR - 发送指令失败，错误类型：(232, 'WriteFile', '管道正在被关闭。')
2024-07-07 09:06:09,130 main.py[line:110] - ERROR - 处理失败
2024-07-07 09:06:09,132 pipe_utils.py[line:85] - ERROR - 数据接收失败，错误原因: (109, 'ReadFile', '管道已结束。')
2024-07-07 09:12:39,560 pipe_utils.py[line:85] - ERROR - 数据接收失败，错误原因: (109, 'ReadFile', '管道已结束。')
2024-07-07 09:16:16,776 pipe_utils.py[line:85] - ERROR - 数据接收失败，错误原因: (109, 'ReadFile', '管道已结束。')
2024-07-07 11:33:16,851 pipe_utils.py[line:85] - ERROR - 数据接收失败，错误原因: (109, 'ReadFile', '管道已结束。')
2024-07-07 11:40:33,833 pipe_utils.py[line:85] - ERROR - 数据接收失败，错误原因: (109, 'ReadFile', '管道已结束。')
2024-07-07 11:42:59,905 pipe_utils.py[line:85] - ERROR - 数据接收失败，错误原因: (109, 'ReadFile', '管道已结束。')
2024-07-07 11:48:01,402 pipe_utils.py[line:85] - ERROR - 数据接收失败，错误原因: (109, 'ReadFile', '管道已结束。')
2024-07-07 11:50:49,976 pipe_utils.py[line:85] - ERROR - 数据接收失败，错误原因: (109, 'ReadFile', '管道已结束。')
2024-07-07 11:55:37,758 pipe_utils.py[line:85] - ERROR - 数据接收失败，错误原因: (109, 'ReadFile', '管道已结束。')
2024-07-07 12:03:52,555 pipe_utils.py[line:85] - ERROR - 数据接收失败，错误原因: (109, 'ReadFile', '管道已结束。')
2024-07-07 12:48:51,656 pipe_utils.py[line:162] - ERROR - 图像指令转换失败，数据长度错误
2024-07-07 12:57:58,164 pipe_utils.py[line:85] - ERROR - 数据接收失败，错误原因: (109, 'ReadFile', '管道已结束。')
2024-07-07 14:31:13,151 pipe_utils.py[line:85] - ERROR - 数据接收失败，错误原因: (109, 'ReadFile', '管道已结束。')
2024-07-07 15:14:10,012 pipe_utils.py[line:231] - ERROR - 发送指令失败，错误类型：(232, 'WriteFile', '管道正在被关闭。')
2024-07-07 15:14:10,012 main.py[line:110] - ERROR - 处理失败
2024-07-07 15:14:11,366 pipe_utils.py[line:231] - ERROR - 发送指令失败，错误类型：(232, 'WriteFile', '管道正在被关闭。')
2024-07-07 15:14:11,367 main.py[line:110] - ERROR - 处理失败
2024-07-07 15:14:12,667 pipe_utils.py[line:231] - ERROR - 发送指令失败，错误类型：(232, 'WriteFile', '管道正在被关闭。')
2024-07-07 15:14:12,667 main.py[line:110] - ERROR - 处理失败
2024-07-07 15:14:13,975 pipe_utils.py[line:231] - ERROR - 发送指令失败，错误类型：(232, 'WriteFile', '管道正在被关闭。')
2024-07-07 15:14:13,975 main.py[line:110] - ERROR - 处理失败
2024-07-07 15:14:15,163 pipe_utils.py[line:231] - ERROR - 发送指令失败，错误类型：(232, 'WriteFile', '管道正在被关闭。')
2024-07-07 15:14:15,163 main.py[line:110] - ERROR - 处理失败
2024-07-07 15:14:16,442 pipe_utils.py[line:231] - ERROR - 发送指令失败，错误类型：(232, 'WriteFile', '管道正在被关闭。')
2024-07-07 15:14:16,443 main.py[line:110] - ERROR - 处理失败
2024-07-07 15:14:17,700 pipe_utils.py[line:231] - ERROR - 发送指令失败，错误类型：(232, 'WriteFile', '管道正在被关闭。')
2024-07-07 15:14:17,700 main.py[line:110] - ERROR - 处理失败
2024-07-07 15:14:18,901 pipe_utils.py[line:231] - ERROR - 发送指令失败，错误类型：(232, 'WriteFile', '管道正在被关闭。')
2024-07-07 15:14:18,901 main.py[line:110] - ERROR - 处理失败
2024-07-07 15:14:20,195 pipe_utils.py[line:231] - ERROR - 发送指令失败，错误类型：(232, 'WriteFile', '管道正在被关闭。')
2024-07-07 15:14:20,195 main.py[line:110] - ERROR - 处理失败
2024-07-07 15:14:21,538 pipe_utils.py[line:231] - ERROR - 发送指令失败，错误类型：(232, 'WriteFile', '管道正在被关闭。')
2024-07-07 15:14:21,538 main.py[line:110] - ERROR - 处理失败
2024-07-07 15:14:22,842 pipe_utils.py[line:231] - ERROR - 发送指令失败，错误类型：(232, 'WriteFile', '管道正在被关闭。')
2024-07-07 15:14:22,842 main.py[line:110] - ERROR - 处理失败
2024-07-07 15:14:24,019 pipe_utils.py[line:231] - ERROR - 发送指令失败，错误类型：(232, 'WriteFile', '管道正在被关闭。')
2024-07-07 15:14:24,020 main.py[line:110] - ERROR - 处理失败
2024-07-07 15:14:25,346 pipe_utils.py[line:231] - ERROR - 发送指令失败，错误类型：(232, 'WriteFile', '管道正在被关闭。')
2024-07-07 15:14:25,346 main.py[line:110] - ERROR - 处理失败
2024-07-07 15:14:26,540 pipe_utils.py[line:231] - ERROR - 发送指令失败，错误类型：(232, 'WriteFile', '管道正在被关闭。')
2024-07-07 15:14:26,541 main.py[line:110] - ERROR - 处理失败
2024-07-07 15:14:27,750 pipe_utils.py[line:231] - ERROR - 发送指令失败，错误类型：(232, 'WriteFile', '管道正在被关闭。')
2024-07-07 15:14:27,750 main.py[line:110] - ERROR - 处理失败
2024-07-07 15:14:29,060 pipe_utils.py[line:231] - ERROR - 发送指令失败，错误类型：(232, 'WriteFile', '管道正在被关闭。')
2024-07-07 15:14:29,060 main.py[line:110] - ERROR - 处理失败
2024-07-07 15:14:30,259 pipe_utils.py[line:231] - ERROR - 发送指令失败，错误类型：(232, 'WriteFile', '管道正在被关闭。')
2024-07-07 15:14:30,259 main.py[line:110] - ERROR - 处理失败
2024-07-07 15:14:30,280 pipe_utils.py[line:85] - ERROR - 数据接收失败，错误原因: (109, 'ReadFile', '管道已结束。')
2024-07-07 15:29:47,675 pipe_utils.py[line:231] - ERROR - 发送指令失败，错误类型：(232, 'WriteFile', '管道正在被关闭。')
2024-07-07 15:29:47,676 main.py[line:110] - ERROR - 处理失败
2024-07-07 15:29:48,883 pipe_utils.py[line:231] - ERROR - 发送指令失败，错误类型：(232, 'WriteFile', '管道正在被关闭。')
2024-07-07 15:29:48,883 main.py[line:110] - ERROR - 处理失败
2024-07-07 15:29:50,076 pipe_utils.py[line:231] - ERROR - 发送指令失败，错误类型：(232, 'WriteFile', '管道正在被关闭。')
2024-07-07 15:29:50,077 main.py[line:110] - ERROR - 处理失败
2024-07-07 15:29:51,389 pipe_utils.py[line:231] - ERROR - 发送指令失败，错误类型：(232, 'WriteFile', '管道正在被关闭。')
2024-07-07 15:29:51,389 main.py[line:110] - ERROR - 处理失败
2024-07-07 15:29:52,601 pipe_utils.py[line:231] - ERROR - 发送指令失败，错误类型：(232, 'WriteFile', '管道正在被关闭。')
2024-07-07 15:29:52,601 main.py[line:110] - ERROR - 处理失败
2024-07-07 15:29:53,893 pipe_utils.py[line:231] - ERROR - 发送指令失败，错误类型：(232, 'WriteFile', '管道正在被关闭。')
2024-07-07 15:29:53,893 main.py[line:110] - ERROR - 处理失败
2024-07-07 15:29:55,103 pipe_utils.py[line:231] - ERROR - 发送指令失败，错误类型：(232, 'WriteFile', '管道正在被关闭。')
2024-07-07 15:29:55,104 main.py[line:110] - ERROR - 处理失败
2024-07-07 15:29:56,406 pipe_utils.py[line:231] - ERROR - 发送指令失败，错误类型：(232, 'WriteFile', '管道正在被关闭。')
2024-07-07 15:29:56,406 main.py[line:110] - ERROR - 处理失败
2024-07-07 15:29:57,596 pipe_utils.py[line:231] - ERROR - 发送指令失败，错误类型：(232, 'WriteFile', '管道正在被关闭。')
2024-07-07 15:29:57,596 main.py[line:110] - ERROR - 处理失败
2024-07-07 15:29:58,841 pipe_utils.py[line:231] - ERROR - 发送指令失败，错误类型：(232, 'WriteFile', '管道正在被关闭。')
2024-07-07 15:29:58,841 main.py[line:110] - ERROR - 处理失败
2024-07-07 15:30:00,179 pipe_utils.py[line:231] - ERROR - 发送指令失败，错误类型：(232, 'WriteFile', '管道正在被关闭。')
2024-07-07 15:30:00,179 main.py[line:110] - ERROR - 处理失败
2024-07-07 15:30:01,409 pipe_utils.py[line:231] - ERROR - 发送指令失败，错误类型：(232, 'WriteFile', '管道正在被关闭。')
2024-07-07 15:30:01,410 main.py[line:110] - ERROR - 处理失败
2024-07-07 15:30:02,697 pipe_utils.py[line:231] - ERROR - 发送指令失败，错误类型：(232, 'WriteFile', '管道正在被关闭。')
2024-07-07 15:30:02,698 main.py[line:110] - ERROR - 处理失败
2024-07-07 15:30:03,898 pipe_utils.py[line:231] - ERROR - 发送指令失败，错误类型：(232, 'WriteFile', '管道正在被关闭。')
2024-07-07 15:30:03,899 main.py[line:110] - ERROR - 处理失败
2024-07-07 15:30:05,199 pipe_utils.py[line:231] - ERROR - 发送指令失败，错误类型：(232, 'WriteFile', '管道正在被关闭。')
2024-07-07 15:30:05,199 main.py[line:110] - ERROR - 处理失败
2024-07-07 15:30:06,427 pipe_utils.py[line:231] - ERROR - 发送指令失败，错误类型：(232, 'WriteFile', '管道正在被关闭。')
2024-07-07 15:30:06,427 main.py[line:110] - ERROR - 处理失败
2024-07-07 15:30:07,616 pipe_utils.py[line:231] - ERROR - 发送指令失败，错误类型：(232, 'WriteFile', '管道正在被关闭。')
2024-07-07 15:30:07,616 main.py[line:110] - ERROR - 处理失败
2024-07-07 15:30:07,637 pipe_utils.py[line:85] - ERROR - 数据接收失败，错误原因: (109, 'ReadFile', '管道已结束。')
2024-07-07 16:18:38,077 pipe_utils.py[line:231] - ERROR - 发送指令失败，错误类型：(232, 'WriteFile', '管道正在被关闭。')
2024-07-07 16:18:38,078 main.py[line:110] - ERROR - 处理失败
2024-07-07 16:18:39,022 pipe_utils.py[line:231] - ERROR - 发送指令失败，错误类型：(232, 'WriteFile', '管道正在被关闭。')
2024-07-07 16:18:39,023 main.py[line:110] - ERROR - 处理失败
2024-07-07 16:18:40,052 pipe_utils.py[line:231] - ERROR - 发送指令失败，错误类型：(232, 'WriteFile', '管道正在被关闭。')
2024-07-07 16:18:40,053 main.py[line:110] - ERROR - 处理失败
2024-07-07 16:18:41,201 pipe_utils.py[line:231] - ERROR - 发送指令失败，错误类型：(232, 'WriteFile', '管道正在被关闭。')
2024-07-07 16:18:41,201 main.py[line:110] - ERROR - 处理失败
2024-07-07 16:18:42,336 pipe_utils.py[line:231] - ERROR - 发送指令失败，错误类型：(232, 'WriteFile', '管道正在被关闭。')
2024-07-07 16:18:42,336 main.py[line:110] - ERROR - 处理失败
2024-07-07 16:18:43,586 pipe_utils.py[line:231] - ERROR - 发送指令失败，错误类型：(232, 'WriteFile', '管道正在被关闭。')
2024-07-07 16:18:43,587 main.py[line:110] - ERROR - 处理失败
2024-07-07 16:18:44,791 pipe_utils.py[line:231] - ERROR - 发送指令失败，错误类型：(232, 'WriteFile', '管道正在被关闭。')
2024-07-07 16:18:44,791 main.py[line:110] - ERROR - 处理失败
2024-07-07 16:28:01,454 pipe_utils.py[line:85] - ERROR - 数据接收失败，错误原因: (109, 'ReadFile', '管道已结束。')
2024-07-07 16:50:24,922 pipe_utils.py[line:85] - ERROR - 数据接收失败，错误原因: (109, 'ReadFile', '管道已结束。')
2024-07-07 17:37:51,829 pipe_utils.py[line:104] - ERROR - 数据接收失败，错误原因: (109, 'ReadFile', '管道已结束。')
2024-07-07 17:55:04,504 pipe_utils.py[line:85] - ERROR - 数据接收失败，错误原因: (109, 'ReadFile', '管道已结束。')
2024-07-07 17:59:48,356 pipe_utils.py[line:85] - ERROR - 数据接收失败，错误原因: (109, 'ReadFile', '管道已结束。')
2024-07-07 18:25:13,744 pipe_utils.py[line:85] - ERROR - 数据接收失败，错误原因: (109, 'ReadFile', '管道已结束。')
2024-07-07 18:55:15,790 pipe_utils.py[line:85] - ERROR - 数据接收失败，错误原因: (109, 'ReadFile', '管道已结束。')
2024-07-07 19:10:32,354 pipe_utils.py[line:85] - ERROR - 数据接收失败，错误原因: (109, 'ReadFile', '管道已结束。')
2024-07-08 09:24:38,903 pipe_utils.py[line:85] - ERROR - 数据接收失败，错误原因: (109, 'ReadFile', '管道已结束。')
2024-07-08 09:39:36,127 pipe_utils.py[line:85] - ERROR - 数据接收失败，错误原因: (109, 'ReadFile', '管道已结束。')
2024-07-08 09:45:37,431 pipe_utils.py[line:85] - ERROR - 数据接收失败，错误原因: (109, 'ReadFile', '管道已结束。')
2024-07-08 11:09:16,559 pipe_utils.py[line:85] - ERROR - 数据接收失败，错误原因: (109, 'ReadFile', '管道已结束。')
2024-07-08 11:13:06,783 pipe_utils.py[line:85] - ERROR - 数据接收失败，错误原因: (109, 'ReadFile', '管道已结束。')
2024-07-08 11:27:00,565 pipe_utils.py[line:85] - ERROR - 数据接收失败，错误原因: (109, 'ReadFile', '管道已结束。')
2024-07-08 11:40:36,810 pipe_utils.py[line:85] - ERROR - 数据接收失败，错误原因: (109, 'ReadFile', '管道已结束。')
2024-07-08 12:02:35,135 pipe_utils.py[line:85] - ERROR - 数据接收失败，错误原因: (109, 'ReadFile', '管道已结束。')
2024-07-08 12:42:16,270 pipe_utils.py[line:85] - ERROR - 数据接收失败，错误原因: (109, 'ReadFile', '管道已结束。')
2024-07-08 12:44:05,091 pipe_utils.py[line:85] - ERROR - 数据接收失败，错误原因: (109, 'ReadFile', '管道已结束。')
2024-07-08 13:00:54,572 pipe_utils.py[line:85] - ERROR - 数据接收失败，错误原因: (109, 'ReadFile', '管道已结束。')
2024-07-08 13:04:07,171 pipe_utils.py[line:85] - ERROR - 数据接收失败，错误原因: (109, 'ReadFile', '管道已结束。')
2024-07-08 13:08:00,371 pipe_utils.py[line:85] - ERROR - 数据接收失败，错误原因: (109, 'ReadFile', '管道已结束。')
2024-07-08 13:12:10,509 pipe_utils.py[line:85] - ERROR - 数据接收失败，错误原因: (109, 'ReadFile', '管道已结束。')
2024-07-08 14:40:30,277 pipe_utils.py[line:85] - ERROR - 数据接收失败，错误原因: (109, 'ReadFile', '管道已结束。')
2024-07-08 14:43:28,816 pipe_utils.py[line:85] - ERROR - 数据接收失败，错误原因: (109, 'ReadFile', '管道已结束。')
2024-07-08 15:17:54,843 pipe_utils.py[line:85] - ERROR - 数据接收失败，错误原因: (109, 'ReadFile', '管道已结束。')
2024-07-08 15:55:38,941 pipe_utils.py[line:85] - ERROR - 数据接收失败，错误原因: (109, 'ReadFile', '管道已结束。')
2024-07-08 15:59:18,181 pipe_utils.py[line:85] - ERROR - 数据接收失败，错误原因: (109, 'ReadFile', '管道已结束。')
2024-07-08 16:01:33,259 pipe_utils.py[line:85] - ERROR - 数据接收失败，错误原因: (109, 'ReadFile', '管道已结束。')
2024-07-08 16:08:34,599 pipe_utils.py[line:85] - ERROR - 数据接收失败，错误原因: (109, 'ReadFile', '管道已结束。')
2024-07-08 16:11:00,155 pipe_utils.py[line:85] - ERROR - 数据接收失败，错误原因: (109, 'ReadFile', '管道已结束。')
2024-07-08 16:43:42,636 pipe_utils.py[line:85] - ERROR - 数据接收失败，错误原因: (109, 'ReadFile', '管道已结束。')
2024-07-08 16:50:43,173 pipe_utils.py[line:85] - ERROR - 数据接收失败，错误原因: (109, 'ReadFile', '管道已结束。')
2024-07-08 17:08:09,783 pipe_utils.py[line:85] - ERROR - 数据接收失败，错误原因: (109, 'ReadFile', '管道已结束。')
2024-07-08 17:16:04,619 pipe_utils.py[line:85] - ERROR - 数据接收失败，错误原因: (109, 'ReadFile', '管道已结束。')
2024-07-08 17:40:47,970 pipe_utils.py[line:85] - ERROR - 数据接收失败，错误原因: (109, 'ReadFile', '管道已结束。')
2024-07-08 17:48:37,988 pipe_utils.py[line:85] - ERROR - 数据接收失败，错误原因: (109, 'ReadFile', '管道已结束。')
2024-07-08 17:57:01,928 pipe_utils.py[line:85] - ERROR - 数据接收失败，错误原因: (109, 'ReadFile', '管道已结束。')
2024-07-08 18:34:11,766 pipe_utils.py[line:85] - ERROR - 数据接收失败，错误原因: (109, 'ReadFile', '管道已结束。')
2024-07-08 18:35:40,659 pipe_utils.py[line:85] - ERROR - 数据接收失败，错误原因: (109, 'ReadFile', '管道已结束。')
2024-07-09 08:55:35,459 pipe_utils.py[line:85] - ERROR - 数据接收失败，错误原因: (109, 'ReadFile', '管道已结束。')
2024-07-09 09:02:26,287 pipe_utils.py[line:162] - ERROR - 图像指令转换失败，数据长度错误
2024-07-09 09:10:57,173 pipe_utils.py[line:104] - ERROR - 数据接收失败，错误原因: (109, 'ReadFile', '管道已结束。')
2024-07-09 09:15:43,719 pipe_utils.py[line:162] - ERROR - 图像指令转换失败，数据长度错误
2024-07-09 09:23:08,794 pipe_utils.py[line:85] - ERROR - 数据接收失败，错误原因: (109, 'ReadFile', '管道已结束。')
2024-07-09 10:18:50,702 pipe_utils.py[line:162] - ERROR - 图像指令转换失败，数据长度错误
2024-07-09 10:38:34,151 pipe_utils.py[line:162] - ERROR - 图像指令转换失败，数据长度错误
2024-07-09 10:45:15,487 pipe_utils.py[line:85] - ERROR - 数据接收失败，错误原因: (109, 'ReadFile', '管道已结束。')
2024-07-09 11:03:10,520 pipe_utils.py[line:85] - ERROR - 数据接收失败，错误原因: (109, 'ReadFile', '管道已结束。')
2024-07-09 11:09:11,430 pipe_utils.py[line:85] - ERROR - 数据接收失败，错误原因: (109, 'ReadFile', '管道已结束。')
2024-07-09 11:16:00,876 pipe_utils.py[line:85] - ERROR - 数据接收失败，错误原因: (109, 'ReadFile', '管道已结束。')
2024-07-09 15:22:28,025 pipe_utils.py[line:85] - ERROR - 数据接收失败，错误原因: (109, 'ReadFile', '管道已结束。')
2024-07-09 15:27:28,876 pipe_utils.py[line:85] - ERROR - 数据接收失败，错误原因: (109, 'ReadFile', '管道已结束。')
2024-07-09 15:49:20,318 pipe_utils.py[line:85] - ERROR - 数据接收失败，错误原因: (109, 'ReadFile', '管道已结束。')
2024-07-09 16:14:06,963 pipe_utils.py[line:85] - ERROR - 数据接收失败，错误原因: (109, 'ReadFile', '管道已结束。')
2024-07-09 17:12:28,074 pipe_utils.py[line:85] - ERROR - 数据接收失败，错误原因: (109, 'ReadFile', '管道已结束。')
2024-07-09 17:21:46,134 pipe_utils.py[line:85] - ERROR - 数据接收失败，错误原因: (109, 'ReadFile', '管道已结束。')
2024-07-09 18:42:35,725 pipe_utils.py[line:85] - ERROR - 数据接收失败，错误原因: (109, 'ReadFile', '管道已结束。')
2024-07-09 18:48:46,486 pipe_utils.py[line:85] - ERROR - 数据接收失败，错误原因: (109, 'ReadFile', '管道已结束。')
2024-07-09 18:49:59,862 pipe_utils.py[line:85] - ERROR - 数据接收失败，错误原因: (109, 'ReadFile', '管道已结束。')
2024-07-09 18:53:36,014 pipe_utils.py[line:85] - ERROR - 数据接收失败，错误原因: (109, 'ReadFile', '管道已结束。')
2024-07-09 18:55:27,600 pipe_utils.py[line:85] - ERROR - 数据接收失败，错误原因: (109, 'ReadFile', '管道已结束。')
2024-07-09 19:04:17,082 pipe_utils.py[line:85] - ERROR - 数据接收失败，错误原因: (109, 'ReadFile', '管道已结束。')
2024-07-09 19:08:17,174 pipe_utils.py[line:85] - ERROR - 数据接收失败，错误原因: (109, 'ReadFile', '管道已结束。')
2024-07-10 06:26:42,776 pipe_utils.py[line:85] - ERROR - 数据接收失败，错误原因: (109, 'ReadFile', '管道已结束。')
2024-07-10 07:01:40,315 pipe_utils.py[line:85] - ERROR - 数据接收失败，错误原因: (109, 'ReadFile', '管道已结束。')
2024-07-10 08:26:27,343 pipe_utils.py[line:231] - ERROR - 发送指令失败，错误类型：(232, 'WriteFile', '管道正在被关闭。')
2024-07-10 08:26:27,343 main.py[line:113] - ERROR - 处理失败
2024-07-10 08:26:27,345 pipe_utils.py[line:85] - ERROR - 数据接收失败，错误原因: (109, 'ReadFile', '管道已结束。')
2024-07-10 09:09:42,450 pipe_utils.py[line:85] - ERROR - 数据接收失败，错误原因: (109, 'ReadFile', '管道已结束。')
2024-07-10 10:06:33,515 pipe_utils.py[line:85] - ERROR - 数据接收失败，错误原因: (109, 'ReadFile', '管道已结束。')
2024-07-10 11:43:46,982 pipe_utils.py[line:85] - ERROR - 数据接收失败，错误原因: (109, 'ReadFile', '管道已结束。')
2024-07-10 12:09:14,853 pipe_utils.py[line:85] - ERROR - 数据接收失败，错误原因: (109, 'ReadFile', '管道已结束。')
2024-07-10 12:12:40,941 pipe_utils.py[line:85] - ERROR - 数据接收失败，错误原因: (109, 'ReadFile', '管道已结束。')
2024-07-10 12:18:01,000 pipe_utils.py[line:85] - ERROR - 数据接收失败，错误原因: (109, 'ReadFile', '管道已结束。')
2024-07-10 12:25:47,254 pipe_utils.py[line:85] - ERROR - 数据接收失败，错误原因: (109, 'ReadFile', '管道已结束。')
2024-07-10 14:14:58,422 pipe_utils.py[line:85] - ERROR - 数据接收失败，错误原因: (109, 'ReadFile', '管道已结束。')
2024-07-10 14:18:28,047 pipe_utils.py[line:85] - ERROR - 数据接收失败，错误原因: (109, 'ReadFile', '管道已结束。')
2024-07-10 14:21:52,725 pipe_utils.py[line:85] - ERROR - 数据接收失败，错误原因: (109, 'ReadFile', '管道已结束。')
2024-07-10 14:24:46,863 pipe_utils.py[line:85] - ERROR - 数据接收失败，错误原因: (109, 'ReadFile', '管道已结束。')
2024-07-10 14:35:13,271 pipe_utils.py[line:85] - ERROR - 数据接收失败，错误原因: (109, 'ReadFile', '管道已结束。')
2024-07-10 14:38:22,932 pipe_utils.py[line:85] - ERROR - 数据接收失败，错误原因: (109, 'ReadFile', '管道已结束。')
2024-07-10 17:21:05,363 pipe_utils.py[line:85] - ERROR - 数据接收失败，错误原因: (109, 'ReadFile', '管道已结束。')
2024-07-12 11:41:03,215 pipe_utils.py[line:85] - ERROR - 数据接收失败，错误原因: (109, 'ReadFile', '管道已结束。')
2024-07-12 11:43:19,922 pipe_utils.py[line:85] - ERROR - 数据接收失败，错误原因: (109, 'ReadFile', '管道已结束。')
2024-07-12 11:48:49,239 pipe_utils.py[line:85] - ERROR - 数据接收失败，错误原因: (109, 'ReadFile', '管道已结束。')
2024-07-12 11:51:05,972 pipe_utils.py[line:85] - ERROR - 数据接收失败，错误原因: (109, 'ReadFile', '管道已结束。')
2024-07-12 11:53:49,877 pipe_utils.py[line:85] - ERROR - 数据接收失败，错误原因: (109, 'ReadFile', '管道已结束。')
2024-07-12 12:06:22,516 pipe_utils.py[line:85] - ERROR - 数据接收失败，错误原因: (109, 'ReadFile', '管道已结束。')
2024-07-12 13:18:06,630 pipe_utils.py[line:85] - ERROR - 数据接收失败，错误原因: (109, 'ReadFile', '管道已结束。')
2024-07-12 13:24:32,560 pipe_utils.py[line:85] - ERROR - 数据接收失败，错误原因: (109, 'ReadFile', '管道已结束。')
2024-07-12 13:27:28,554 pipe_utils.py[line:85] - ERROR - 数据接收失败，错误原因: (109, 'ReadFile', '管道已结束。')
2024-07-12 13:31:09,505 pipe_utils.py[line:85] - ERROR - 数据接收失败，错误原因: (109, 'ReadFile', '管道已结束。')
2024-07-12 13:35:34,850 pipe_utils.py[line:85] - ERROR - 数据接收失败，错误原因: (109, 'ReadFile', '管道已结束。')
2024-07-12 13:39:31,434 pipe_utils.py[line:85] - ERROR - 数据接收失败，错误原因: (109, 'ReadFile', '管道已结束。')
2024-07-12 13:46:11,927 pipe_utils.py[line:85] - ERROR - 数据接收失败，错误原因: (109, 'ReadFile', '管道已结束。')
2024-07-12 13:49:21,103 pipe_utils.py[line:85] - ERROR - 数据接收失败，错误原因: (109, 'ReadFile', '管道已结束。')
2024-07-12 13:52:53,712 pipe_utils.py[line:85] - ERROR - 数据接收失败，错误原因: (109, 'ReadFile', '管道已结束。')
2024-07-12 13:57:44,190 pipe_utils.py[line:85] - ERROR - 数据接收失败，错误原因: (109, 'ReadFile', '管道已结束。')
2024-07-12 15:43:52,570 pipe_utils.py[line:85] - ERROR - 数据接收失败，错误原因: (109, 'ReadFile', '管道已结束。')
2024-07-12 16:09:54,143 pipe_utils.py[line:85] - ERROR - 数据接收失败，错误原因: (109, 'ReadFile', '管道已结束。')
2024-07-12 17:43:57,577 pipe_utils.py[line:85] - ERROR - 数据接收失败，错误原因: (109, 'ReadFile', '管道已结束。')
2024-07-12 18:15:56,608 pipe_utils.py[line:85] - ERROR - 数据接收失败，错误原因: (109, 'ReadFile', '管道已结束。')
2024-07-12 18:19:34,912 pipe_utils.py[line:85] - ERROR - 数据接收失败，错误原因: (109, 'ReadFile', '管道已结束。')
2024-07-12 18:24:31,666 pipe_utils.py[line:85] - ERROR - 数据接收失败，错误原因: (109, 'ReadFile', '管道已结束。')
2024-07-12 18:28:53,782 pipe_utils.py[line:85] - ERROR - 数据接收失败，错误原因: (109, 'ReadFile', '管道已结束。')
2024-07-12 18:32:02,373 pipe_utils.py[line:85] - ERROR - 数据接收失败，错误原因: (109, 'ReadFile', '管道已结束。')
2024-07-12 18:36:43,949 pipe_utils.py[line:85] - ERROR - 数据接收失败，错误原因: (109, 'ReadFile', '管道已结束。')
2024-07-12 18:42:14,595 pipe_utils.py[line:85] - ERROR - 数据接收失败，错误原因: (109, 'ReadFile', '管道已结束。')
2024-07-12 18:46:56,102 pipe_utils.py[line:85] - ERROR - 数据接收失败，错误原因: (109, 'ReadFile', '管道已结束。')
